android/build/outputs/logs/manifest-merger-debug-report.txt
-- Merging decision tree log ---
manifest
ADDED from CoGanh/android/AndroidManifest.xml:2:1-24:12
INJECTED from CoGanh/android/AndroidManifest.xml:2:1-24:12
INJECTED from CoGanh/android/AndroidManifest.xml:2:1-24:12
INJECTED from CoGanh/android/AndroidManifest.xml:2:1-24:12
MERGED from [com.badlogicgames.gdx:gdx-backend-android:1.12.1] AndroidManifest.xml:2:1-13:12
	package
		INJECTED from CoGanh/android/AndroidManifest.xml
	android:versionName
		ADDED from CoGanh/android/AndroidManifest.xml:4:5-30
		INJECTED from CoGanh/android/AndroidManifest.xml
	xmlns:android
		ADDED from CoGanh/android/AndroidManifest.xml:2:11-69
	android:versionCode
		ADDED from CoGanh/android/AndroidManifest.xml:3:5-28
		INJECTED from CoGanh/android/AndroidManifest.xml
application
ADDED from CoGanh/android/AndroidManifest.xml:6:5-22:19
INJECTED from CoGanh/android/AndroidManifest.xml:6:5-22:19
	android:extractNativeLibs
		INJECTED from CoGanh/android/AndroidManifest.xml
	android:label
		ADDED from CoGanh/android/AndroidManifest.xml:9:9-41
	android:icon
		ADDED from CoGanh/android/AndroidManifest.xml:8:9-45
	android:allowBackup
		ADDED from CoGanh/android/AndroidManifest.xml:7:9-35
	android:theme
		ADDED from CoGanh/android/AndroidManifest.xml:10:9-40
activity#com.coganhquangnam.AndroidLauncher
ADDED from CoGanh/android/AndroidManifest.xml:11:9-21:20
	android:screenOrientation
		ADDED from CoGanh/android/AndroidManifest.xml:14:13-49
	android:label
		ADDED from CoGanh/android/AndroidManifest.xml:13:13-45
	android:exported
		ADDED from CoGanh/android/AndroidManifest.xml:16:13-36
	android:configChanges
		ADDED from CoGanh/android/AndroidManifest.xml:15:13-83
	android:name
		ADDED from CoGanh/android/AndroidManifest.xml:12:13-62
intent-filter#action:name:android.intent.action.MAIN+category:name:android.intent.category.LAUNCHER
ADDED from CoGanh/android/AndroidManifest.xml:17:13-20:29
action#android.intent.action.MAIN
ADDED from CoGanh/android/AndroidManifest.xml:18:17-69
	android:name
		ADDED from CoGanh/android/AndroidManifest.xml:18:25-66
category#android.intent.category.LAUNCHER
ADDED from CoGanh/android/AndroidManifest.xml:19:17-77
	android:name
		ADDED from CoGanh/android/AndroidManifest.xml:19:27-74
uses-sdk
INJECTED from CoGanh/android/AndroidManifest.xml reason: use-sdk injection requested
INJECTED from CoGanh/android/AndroidManifest.xml
INJECTED from CoGanh/android/AndroidManifest.xml
MERGED from [com.badlogicgames.gdx:gdx-backend-android:1.12.1] AndroidManifest.xml:5:5-7:41
MERGED from [com.badlogicgames.gdx:gdx-backend-android:1.12.1] AndroidManifest.xml:5:5-7:41
	android:targetSdkVersion
		INJECTED from CoGanh/android/AndroidManifest.xml
	android:minSdkVersion
		INJECTED from CoGanh/android/AndroidManifest.xml
uses-feature#0x00020000
ADDED from [com.badlogicgames.gdx:gdx-backend-android:1.12.1] AndroidManifest.xml:9:5-11:35
	android:glEsVersion
		ADDED from [com.badlogicgames.gdx:gdx-backend-android:1.12.1] AndroidManifest.xml:10:9-41
	android:required
		ADDED from [com.badlogicgames.gdx:gdx-backend-android:1.12.1] AndroidManifest.xml:11:9-32